Using launch settings from d:\Projects\FunnyActivities\FunnyActivities.WebAPI\Properties\launchSettings.json...
Building...
d:\Projects\FunnyActivities\FunnyActivities.CrossCuttingConcerns\FunnyActivities.CrossCuttingConcerns.csproj : warning NU1903: Package 'Azure.Identity' 1.10.0 has a known high severity vulnerability, https://github.com/advisories/GHSA-5mfx-4wcx-rv27 [d:\Projects\FunnyActivities\FunnyActivities.WebAPI\FunnyActivities.WebAPI.csproj]
d:\Projects\FunnyActivities\FunnyActivities.CrossCuttingConcerns\FunnyActivities.CrossCuttingConcerns.csproj : warning NU1902: Package 'Azure.Identity' 1.10.0 has a known moderate severity vulnerability, https://github.com/advisories/GHSA-m5vv-6r4h-3vj9 [d:\Projects\FunnyActivities\FunnyActivities.WebAPI\FunnyActivities.WebAPI.csproj]
d:\Projects\FunnyActivities\FunnyActivities.CrossCuttingConcerns\FunnyActivities.CrossCuttingConcerns.csproj : warning NU1902: Package 'Azure.Identity' 1.10.0 has a known moderate severity vulnerability, https://github.com/advisories/GHSA-wvxc-855f-jvrv [d:\Projects\FunnyActivities\FunnyActivities.WebAPI\FunnyActivities.WebAPI.csproj]
d:\Projects\FunnyActivities\FunnyActivities.CrossCuttingConcerns\FunnyActivities.CrossCuttingConcerns.csproj : warning NU1902: Package 'HtmlSanitizer' 8.0.601 has a known moderate severity vulnerability, https://github.com/advisories/GHSA-43cp-6p3q-2pc4 [d:\Projects\FunnyActivities\FunnyActivities.WebAPI\FunnyActivities.WebAPI.csproj]
d:\Projects\FunnyActivities\FunnyActivities.Infrastructure\FunnyActivities.Infrastructure.csproj : warning NU1603: FunnyActivities.Infrastructure depends on Npgsql.EntityFrameworkCore.PostgreSQL (>= 8.0.7) but Npgsql.EntityFrameworkCore.PostgreSQL 8.0.7 was not found. Npgsql.EntityFrameworkCore.PostgreSQL 8.0.8 was resolved instead. [d:\Projects\FunnyActivities\FunnyActivities.WebAPI\FunnyActivities.WebAPI.csproj]
d:\Projects\FunnyActivities\FunnyActivities.WebAPI\FunnyActivities.WebAPI.csproj : warning NU1603: FunnyActivities.Infrastructure depends on Npgsql.EntityFrameworkCore.PostgreSQL (>= 8.0.7) but Npgsql.EntityFrameworkCore.PostgreSQL 8.0.7 was not found. Npgsql.EntityFrameworkCore.PostgreSQL 8.0.8 was resolved instead.
d:\Projects\FunnyActivities\FunnyActivities.WebAPI\FunnyActivities.WebAPI.csproj : warning NU1608: Detected package version outside of dependency constraint: MediatR.Extensions.Microsoft.DependencyInjection 11.1.0 requires MediatR (>= 11.0.0 && < 12.0.0) but version MediatR 13.0.0 was resolved.
d:\Projects\FunnyActivities\FunnyActivities.WebAPI\FunnyActivities.WebAPI.csproj : warning NU1902: Package 'OpenTelemetry.Instrumentation.AspNetCore' 1.8.0 has a known moderate severity vulnerability, https://github.com/advisories/GHSA-vh2m-22xx-q94f
d:\Projects\FunnyActivities\FunnyActivities.WebAPI\FunnyActivities.WebAPI.csproj : warning NU1603: FunnyActivities.Infrastructure depends on Npgsql.EntityFrameworkCore.PostgreSQL (>= 8.0.7) but Npgsql.EntityFrameworkCore.PostgreSQL 8.0.7 was not found. Npgsql.EntityFrameworkCore.PostgreSQL 8.0.8 was resolved instead.
d:\Projects\FunnyActivities\FunnyActivities.WebAPI\FunnyActivities.WebAPI.csproj : warning NU1608: Detected package version outside of dependency constraint: MediatR.Extensions.Microsoft.DependencyInjection 11.1.0 requires MediatR (>= 11.0.0 && < 12.0.0) but version MediatR 13.0.0 was resolved.
d:\Projects\FunnyActivities\FunnyActivities.WebAPI\FunnyActivities.WebAPI.csproj : warning NU1902: Package 'OpenTelemetry.Instrumentation.AspNetCore' 1.8.0 has a known moderate severity vulnerability, https://github.com/advisories/GHSA-vh2m-22xx-q94f
D:\Projects\FunnyActivities\FunnyActivities.Infrastructure\FunnyActivities.Infrastructure.csproj : warning NU1603: FunnyActivities.Infrastructure depends on Npgsql.EntityFrameworkCore.PostgreSQL (>= 8.0.7) but Npgsql.EntityFrameworkCore.PostgreSQL 8.0.7 was not found. Npgsql.EntityFrameworkCore.PostgreSQL 8.0.8 was resolved instead. [d:\Projects\FunnyActivities\FunnyActivities.Infrastructure\FunnyActivities.Infrastructure.csproj]
d:\Projects\FunnyActivities\FunnyActivities.CrossCuttingConcerns\FunnyActivities.CrossCuttingConcerns.csproj : warning NU1903: Package 'Azure.Identity' 1.10.0 has a known high severity vulnerability, https://github.com/advisories/GHSA-5mfx-4wcx-rv27
d:\Projects\FunnyActivities\FunnyActivities.CrossCuttingConcerns\FunnyActivities.CrossCuttingConcerns.csproj : warning NU1902: Package 'Azure.Identity' 1.10.0 has a known moderate severity vulnerability, https://github.com/advisories/GHSA-m5vv-6r4h-3vj9
d:\Projects\FunnyActivities\FunnyActivities.CrossCuttingConcerns\FunnyActivities.CrossCuttingConcerns.csproj : warning NU1902: Package 'Azure.Identity' 1.10.0 has a known moderate severity vulnerability, https://github.com/advisories/GHSA-wvxc-855f-jvrv
d:\Projects\FunnyActivities\FunnyActivities.CrossCuttingConcerns\FunnyActivities.CrossCuttingConcerns.csproj : warning NU1902: Package 'HtmlSanitizer' 8.0.601 has a known moderate severity vulnerability, https://github.com/advisories/GHSA-43cp-6p3q-2pc4
d:\Projects\FunnyActivities\FunnyActivities.Infrastructure\BaseProductRepository.cs(32,40): warning CS8613: Nullability of reference types in return type of 'Task<BaseProduct> BaseProductRepository.GetByIdAsync(Guid id)' doesn't match implicitly implemented member 'Task<BaseProduct?> IBaseProductRepository.GetByIdAsync(Guid id)'. [d:\Projects\FunnyActivities\FunnyActivities.Infrastructure\FunnyActivities.Infrastructure.csproj]
d:\Projects\FunnyActivities\FunnyActivities.Infrastructure\BaseProductRepository.cs(114,40): warning CS8613: Nullability of reference types in return type of 'Task<BaseProduct> BaseProductRepository.GetByNameAsync(string name)' doesn't match implicitly implemented member 'Task<BaseProduct?> IBaseProductRepository.GetByNameAsync(string name)'. [d:\Projects\FunnyActivities\FunnyActivities.Infrastructure\FunnyActivities.Infrastructure.csproj]
d:\Projects\FunnyActivities\FunnyActivities.Infrastructure\Services\MinioStorageProvider.cs(24,163): warning CS8625: Cannot convert null literal to non-nullable reference type. [d:\Projects\FunnyActivities\FunnyActivities.Infrastructure\FunnyActivities.Infrastructure.csproj]
d:\Projects\FunnyActivities\FunnyActivities.Infrastructure\Services\MinioStorageProvider.cs(158,91): warning CS8625: Cannot convert null literal to non-nullable reference type. [d:\Projects\FunnyActivities\FunnyActivities.Infrastructure\FunnyActivities.Infrastructure.csproj]
d:\Projects\FunnyActivities\FunnyActivities.Infrastructure\UserRepository.cs(21,20): warning CS8603: Possible null reference return. [d:\Projects\FunnyActivities\FunnyActivities.Infrastructure\FunnyActivities.Infrastructure.csproj]
d:\Projects\FunnyActivities\FunnyActivities.Infrastructure\UnitOfMeasureRepository.cs(34,20): warning CS8603: Possible null reference return. [d:\Projects\FunnyActivities\FunnyActivities.Infrastructure\FunnyActivities.Infrastructure.csproj]
d:\Projects\FunnyActivities\FunnyActivities.Infrastructure\ProductVariantRepository.cs(34,20): warning CS8603: Possible null reference return. [d:\Projects\FunnyActivities\FunnyActivities.Infrastructure\FunnyActivities.Infrastructure.csproj]
d:\Projects\FunnyActivities\FunnyActivities.Infrastructure\UnitOfMeasureRepository.cs(53,20): warning CS8603: Possible null reference return. [d:\Projects\FunnyActivities\FunnyActivities.Infrastructure\FunnyActivities.Infrastructure.csproj]
d:\Projects\FunnyActivities\FunnyActivities.Infrastructure\ShoppingCartItemRepository.cs(34,20): warning CS8603: Possible null reference return. [d:\Projects\FunnyActivities\FunnyActivities.Infrastructure\FunnyActivities.Infrastructure.csproj]
d:\Projects\FunnyActivities\FunnyActivities.Infrastructure\BaseProductRepository.cs(34,20): warning CS8603: Possible null reference return. [d:\Projects\FunnyActivities\FunnyActivities.Infrastructure\FunnyActivities.Infrastructure.csproj]
d:\Projects\FunnyActivities\FunnyActivities.Infrastructure\UserRepository.cs(37,20): warning CS8603: Possible null reference return. [d:\Projects\FunnyActivities\FunnyActivities.Infrastructure\FunnyActivities.Infrastructure.csproj]
d:\Projects\FunnyActivities\FunnyActivities.Infrastructure\UserRepository.cs(48,20): warning CS8603: Possible null reference return. [d:\Projects\FunnyActivities\FunnyActivities.Infrastructure\FunnyActivities.Infrastructure.csproj]
d:\Projects\FunnyActivities\FunnyActivities.Infrastructure\Services\ImageProcessingService.cs(25,33): warning CS1998: This async method lacks 'await' operators and will run synchronously. Consider using the 'await' operator to await non-blocking API calls, or 'await Task.Run(...)' to do CPU-bound work on a background thread. [d:\Projects\FunnyActivities\FunnyActivities.Infrastructure\FunnyActivities.Infrastructure.csproj]
d:\Projects\FunnyActivities\FunnyActivities.Infrastructure\Services\ImageProcessingService.cs(45,52): warning CS1998: This async method lacks 'await' operators and will run synchronously. Consider using the 'await' operator to await non-blocking API calls, or 'await Task.Run(...)' to do CPU-bound work on a background thread. [d:\Projects\FunnyActivities\FunnyActivities.Infrastructure\FunnyActivities.Infrastructure.csproj]
d:\Projects\FunnyActivities\FunnyActivities.Infrastructure\ProductVariantRepository.cs(116,20): warning CS8603: Possible null reference return. [d:\Projects\FunnyActivities\FunnyActivities.Infrastructure\FunnyActivities.Infrastructure.csproj]
d:\Projects\FunnyActivities\FunnyActivities.Infrastructure\ProductVariantRepository.cs(130,20): warning CS8603: Possible null reference return. [d:\Projects\FunnyActivities\FunnyActivities.Infrastructure\FunnyActivities.Infrastructure.csproj]
d:\Projects\FunnyActivities\FunnyActivities.Infrastructure\ShoppingCartItemRepository.cs(74,20): warning CS8603: Possible null reference return. [d:\Projects\FunnyActivities\FunnyActivities.Infrastructure\FunnyActivities.Infrastructure.csproj]
d:\Projects\FunnyActivities\FunnyActivities.Infrastructure\BaseProductRepository.cs(116,20): warning CS8603: Possible null reference return. [d:\Projects\FunnyActivities\FunnyActivities.Infrastructure\FunnyActivities.Infrastructure.csproj]
d:\Projects\FunnyActivities\FunnyActivities.WebAPI\Controllers\BaseProductController.cs(287,48): warning CS1570: XML comment has badly formed XML -- 'Reference to undefined entity 'pageSize'.' [d:\Projects\FunnyActivities\FunnyActivities.WebAPI\FunnyActivities.WebAPI.csproj]
d:\Projects\FunnyActivities\FunnyActivities.WebAPI\Controllers\BaseProductController.cs(287,60): warning CS1570: XML comment has badly formed XML -- 'Reference to undefined entity 'searchTerm'.' [d:\Projects\FunnyActivities\FunnyActivities.WebAPI\FunnyActivities.WebAPI.csproj]
d:\Projects\FunnyActivities\FunnyActivities.WebAPI\Controllers\BaseProductController.cs(287,78): warning CS1570: XML comment has badly formed XML -- 'Reference to undefined entity 'categoryId'.' [d:\Projects\FunnyActivities\FunnyActivities.WebAPI\FunnyActivities.WebAPI.csproj]
d:\Projects\FunnyActivities\FunnyActivities.WebAPI\Controllers\ProductVariantController.cs(306,51): warning CS1570: XML comment has badly formed XML -- 'Reference to undefined entity 'pageSize'.' [d:\Projects\FunnyActivities\FunnyActivities.WebAPI\FunnyActivities.WebAPI.csproj]
d:\Projects\FunnyActivities\FunnyActivities.WebAPI\Controllers\ProductVariantController.cs(306,63): warning CS1570: XML comment has badly formed XML -- 'Reference to undefined entity 'baseProductId'.' [d:\Projects\FunnyActivities\FunnyActivities.WebAPI\FunnyActivities.WebAPI.csproj]
d:\Projects\FunnyActivities\FunnyActivities.WebAPI\Controllers\ProductVariantController.cs(306,114): warning CS1570: XML comment has badly formed XML -- 'Reference to undefined entity 'searchTerm'.' [d:\Projects\FunnyActivities\FunnyActivities.WebAPI\FunnyActivities.WebAPI.csproj]
d:\Projects\FunnyActivities\FunnyActivities.WebAPI\Controllers\BaseProductController.cs(26,57): warning CS0108: 'BaseProductController._logger' hides inherited member 'BaseController._logger'. Use the new keyword if hiding was intended. [d:\Projects\FunnyActivities\FunnyActivities.WebAPI\FunnyActivities.WebAPI.csproj]
d:\Projects\FunnyActivities\FunnyActivities.WebAPI\Controllers\ProductVariantController.cs(26,60): warning CS0108: 'ProductVariantController._logger' hides inherited member 'BaseController._logger'. Use the new keyword if hiding was intended. [d:\Projects\FunnyActivities\FunnyActivities.WebAPI\FunnyActivities.WebAPI.csproj]
d:\Projects\FunnyActivities\FunnyActivities.WebAPI\Controllers\ShoppingCartController.cs(27,58): warning CS0108: 'ShoppingCartController._logger' hides inherited member 'BaseController._logger'. Use the new keyword if hiding was intended. [d:\Projects\FunnyActivities\FunnyActivities.WebAPI\FunnyActivities.WebAPI.csproj]
d:\Projects\FunnyActivities\FunnyActivities.WebAPI\Controllers\UnitOfMeasureController.cs(26,59): warning CS0108: 'UnitOfMeasureController._logger' hides inherited member 'BaseController._logger'. Use the new keyword if hiding was intended. [d:\Projects\FunnyActivities\FunnyActivities.WebAPI\FunnyActivities.WebAPI.csproj]
d:\Projects\FunnyActivities\FunnyActivities.WebAPI\Controllers\ProductsController.cs(34,54): warning CS0108: 'ProductsController._logger' hides inherited member 'BaseController._logger'. Use the new keyword if hiding was intended. [d:\Projects\FunnyActivities\FunnyActivities.WebAPI\FunnyActivities.WebAPI.csproj]
d:\Projects\FunnyActivities\FunnyActivities.WebAPI\TestEntryPoint.cs(14,28): warning CS7022: The entry point of the program is global code; ignoring 'TestEntryPoint.Main(string[])' entry point. [d:\Projects\FunnyActivities\FunnyActivities.WebAPI\FunnyActivities.WebAPI.csproj]
d:\Projects\FunnyActivities\FunnyActivities.WebAPI\Controllers\AuthController.cs(206,23): warning CS8618: Non-nullable property 'RefreshToken' must contain a non-null value when exiting constructor. Consider adding the 'required' modifier or declaring the property as nullable. [d:\Projects\FunnyActivities\FunnyActivities.WebAPI\FunnyActivities.WebAPI.csproj]
d:\Projects\FunnyActivities\FunnyActivities.WebAPI\Controllers\AuthController.cs(207,23): warning CS8618: Non-nullable property 'AccessToken' must contain a non-null value when exiting constructor. Consider adding the 'required' modifier or declaring the property as nullable. [d:\Projects\FunnyActivities\FunnyActivities.WebAPI\FunnyActivities.WebAPI.csproj]
d:\Projects\FunnyActivities\FunnyActivities.WebAPI\Configurations\MinioConfiguration.cs(7,19): warning CS8618: Non-nullable property 'Endpoint' must contain a non-null value when exiting constructor. Consider adding the 'required' modifier or declaring the property as nullable. [d:\Projects\FunnyActivities\FunnyActivities.WebAPI\FunnyActivities.WebAPI.csproj]
d:\Projects\FunnyActivities\FunnyActivities.WebAPI\Configurations\MinioConfiguration.cs(8,19): warning CS8618: Non-nullable property 'AccessKey' must contain a non-null value when exiting constructor. Consider adding the 'required' modifier or declaring the property as nullable. [d:\Projects\FunnyActivities\FunnyActivities.WebAPI\FunnyActivities.WebAPI.csproj]
d:\Projects\FunnyActivities\FunnyActivities.WebAPI\Configurations\MinioConfiguration.cs(9,19): warning CS8618: Non-nullable property 'SecretKey' must contain a non-null value when exiting constructor. Consider adding the 'required' modifier or declaring the property as nullable. [d:\Projects\FunnyActivities\FunnyActivities.WebAPI\FunnyActivities.WebAPI.csproj]
d:\Projects\FunnyActivities\FunnyActivities.WebAPI\Controllers\UploadProfileImageRequest.cs(7,26): warning CS8618: Non-nullable property 'ImageFile' must contain a non-null value when exiting constructor. Consider adding the 'required' modifier or declaring the property as nullable. [d:\Projects\FunnyActivities\FunnyActivities.WebAPI\FunnyActivities.WebAPI.csproj]
d:\Projects\FunnyActivities\FunnyActivities.WebAPI\Controllers\UpdateProfileWithImageRequest.cs(7,23): warning CS8618: Non-nullable property 'FirstName' must contain a non-null value when exiting constructor. Consider adding the 'required' modifier or declaring the property as nullable. [d:\Projects\FunnyActivities\FunnyActivities.WebAPI\FunnyActivities.WebAPI.csproj]
d:\Projects\FunnyActivities\FunnyActivities.WebAPI\Controllers\UpdateProfileWithImageRequest.cs(8,23): warning CS8618: Non-nullable property 'LastName' must contain a non-null value when exiting constructor. Consider adding the 'required' modifier or declaring the property as nullable. [d:\Projects\FunnyActivities\FunnyActivities.WebAPI\FunnyActivities.WebAPI.csproj]
d:\Projects\FunnyActivities\FunnyActivities.WebAPI\Middleware\CorrelationIdMiddleware.cs(20,36): warning CS8600: Converting null literal or possible null value to non-nullable type. [d:\Projects\FunnyActivities\FunnyActivities.WebAPI\FunnyActivities.WebAPI.csproj]
d:\Projects\FunnyActivities\FunnyActivities.WebAPI\Middleware\AuditLoggingMiddleware.cs(30,17): warning CS8602: Dereference of a possibly null reference. [d:\Projects\FunnyActivities\FunnyActivities.WebAPI\FunnyActivities.WebAPI.csproj]
d:\Projects\FunnyActivities\FunnyActivities.WebAPI\Middleware\AuditLoggingMiddleware.cs(42,50): warning CS8604: Possible null reference argument for parameter 'path' in 'string AuditLoggingMiddleware.GetActionFromRequest(string path, string method)'. [d:\Projects\FunnyActivities\FunnyActivities.WebAPI\FunnyActivities.WebAPI.csproj]
d:\Projects\FunnyActivities\FunnyActivities.WebAPI\Middleware\AuditLoggingMiddleware.cs(50,65): warning CS8604: Possible null reference argument for parameter 'ipAddress' in 'AuditLog.AuditLog(Guid? userId, string action, string ipAddress, string userAgent, string details = null)'. [d:\Projects\FunnyActivities\FunnyActivities.WebAPI\FunnyActivities.WebAPI.csproj]
d:\Projects\FunnyActivities\FunnyActivities.WebAPI\Middleware\AuditLoggingMiddleware.cs(66,20): warning CS8603: Possible null reference return. [d:\Projects\FunnyActivities\FunnyActivities.WebAPI\FunnyActivities.WebAPI.csproj]
d:\Projects\FunnyActivities\FunnyActivities.WebAPI\Controllers\UsersController.cs(93,38): warning CS8600: Converting null literal or possible null value to non-nullable type. [d:\Projects\FunnyActivities\FunnyActivities.WebAPI\FunnyActivities.WebAPI.csproj]
d:\Projects\FunnyActivities\FunnyActivities.WebAPI\Controllers\AuthController.cs(183,58): warning CS8602: Dereference of a possibly null reference. [d:\Projects\FunnyActivities\FunnyActivities.WebAPI\FunnyActivities.WebAPI.csproj]
d:\Projects\FunnyActivities\FunnyActivities.WebAPI\Controllers\AuthController.cs(177,42): warning CS1998: This async method lacks 'await' operators and will run synchronously. Consider using the 'await' operator to await non-blocking API calls, or 'await Task.Run(...)' to do CPU-bound work on a background thread. [d:\Projects\FunnyActivities\FunnyActivities.WebAPI\FunnyActivities.WebAPI.csproj]
d:\Projects\FunnyActivities\FunnyActivities.WebAPI\Middleware\CorrelationIdMiddleware.cs(27,13): warning ASP0019: Use IHeaderDictionary.Append or the indexer to append or set headers. IDictionary.Add will throw an ArgumentException when attempting to add a duplicate key. (https://aka.ms/aspnet/analyzers) [d:\Projects\FunnyActivities\FunnyActivities.WebAPI\FunnyActivities.WebAPI.csproj]
[00:54:25 WRN] The property 'ProductVariant.DynamicProperties' is a collection or enumeration type with a value converter but with no value comparer. Set a value comparer to ensure the collection/enumeration elements are compared correctly. <s:Microsoft.EntityFrameworkCore.Model.Validation>
[00:54:25 WRN] The property 'ProductVariant.Photos' is a collection or enumeration type with a value converter but with no value comparer. Set a value comparer to ensure the collection/enumeration elements are compared correctly. <s:Microsoft.EntityFrameworkCore.Model.Validation>
